{"/home/oem/project/edu/web-development/result-management-system/server/src/app.js": {"path":"/home/oem/project/edu/web-development/result-management-system/server/src/app.js","statementMap":{"0":{"start":{"line":1,"column":0},"end":{"line":1,"column":27}},"1":{"start":{"line":2,"column":16},"end":{"line":2,"column":34}},"2":{"start":{"line":3,"column":13},"end":{"line":3,"column":28}},"3":{"start":{"line":4,"column":15},"end":{"line":4,"column":32}},"4":{"start":{"line":6,"column":19},"end":{"line":6,"column":43}},"5":{"start":{"line":7,"column":22},"end":{"line":7,"column":50}},"6":{"start":{"line":8,"column":21},"end":{"line":8,"column":48}},"7":{"start":{"line":9,"column":25},"end":{"line":9,"column":56}},"8":{"start":{"line":10,"column":19},"end":{"line":10,"column":44}},"9":{"start":{"line":11,"column":25},"end":{"line":11,"column":56}},"10":{"start":{"line":12,"column":21},"end":{"line":12,"column":48}},"11":{"start":{"line":13,"column":19},"end":{"line":13,"column":44}},"12":{"start":{"line":15,"column":12},"end":{"line":15,"column":21}},"13":{"start":{"line":17,"column":0},"end":{"line":17,"column":99}},"14":{"start":{"line":18,"column":0},"end":{"line":18,"column":24}},"15":{"start":{"line":19,"column":0},"end":{"line":19,"column":23}},"16":{"start":{"line":22,"column":0},"end":{"line":22,"column":61}},"17":{"start":{"line":22,"column":37},"end":{"line":22,"column":59}},"18":{"start":{"line":25,"column":0},"end":{"line":25,"column":33}},"19":{"start":{"line":26,"column":0},"end":{"line":26,"column":40}},"20":{"start":{"line":27,"column":0},"end":{"line":27,"column":38}},"21":{"start":{"line":28,"column":0},"end":{"line":28,"column":46}},"22":{"start":{"line":29,"column":0},"end":{"line":29,"column":34}},"23":{"start":{"line":30,"column":0},"end":{"line":30,"column":46}},"24":{"start":{"line":31,"column":0},"end":{"line":31,"column":38}},"25":{"start":{"line":32,"column":0},"end":{"line":32,"column":34}},"26":{"start":{"line":35,"column":0},"end":{"line":37,"column":3}},"27":{"start":{"line":36,"column":2},"end":{"line":36,"column":49}},"28":{"start":{"line":39,"column":0},"end":{"line":39,"column":25}}},"fnMap":{"0":{"name":"(anonymous_0)","decl":{"start":{"line":22,"column":23},"end":{"line":22,"column":24}},"loc":{"start":{"line":22,"column":37},"end":{"line":22,"column":59}},"line":22},"1":{"name":"(anonymous_1)","decl":{"start":{"line":35,"column":8},"end":{"line":35,"column":9}},"loc":{"start":{"line":35,"column":22},"end":{"line":37,"column":1}},"line":35}},"branchMap":{"0":{"loc":{"start":{"line":17,"column":23},"end":{"line":17,"column":75}},"type":"binary-expr","locations":[{"start":{"line":17,"column":23},"end":{"line":17,"column":48}},{"start":{"line":17,"column":52},"end":{"line":17,"column":75}}],"line":17}},"s":{"0":3,"1":3,"2":3,"3":3,"4":3,"5":3,"6":3,"7":3,"8":3,"9":3,"10":3,"11":3,"12":3,"13":3,"14":3,"15":3,"16":3,"17":0,"18":3,"19":3,"20":3,"21":3,"22":3,"23":3,"24":3,"25":3,"26":3,"27":0,"28":3},"f":{"0":0,"1":0},"b":{"0":[3,0]},"_coverageSchema":"1a1c01bbd47fc00a2c39e90264f33305004495a9","hash":"5291b67a18840260fe02341ba3ab2519467a2e7c"}
,"/home/oem/project/edu/web-development/result-management-system/server/src/middleware/auth.js": {"path":"/home/oem/project/edu/web-development/result-management-system/server/src/middleware/auth.js","statementMap":{"0":{"start":{"line":1,"column":12},"end":{"line":1,"column":35}},"1":{"start":{"line":4,"column":2},"end":{"line":18,"column":4}},"2":{"start":{"line":5,"column":4},"end":{"line":17,"column":5}},"3":{"start":{"line":6,"column":21},"end":{"line":6,"column":52}},"4":{"start":{"line":7,"column":20},"end":{"line":7,"column":73}},"5":{"start":{"line":8,"column":6},"end":{"line":8,"column":76}},"6":{"start":{"line":8,"column":18},"end":{"line":8,"column":76}},"7":{"start":{"line":9,"column":22},"end":{"line":9,"column":79}},"8":{"start":{"line":10,"column":6},"end":{"line":10,"column":25}},"9":{"start":{"line":11,"column":6},"end":{"line":13,"column":7}},"10":{"start":{"line":12,"column":8},"end":{"line":12,"column":62}},"11":{"start":{"line":14,"column":6},"end":{"line":14,"column":13}},"12":{"start":{"line":16,"column":6},"end":{"line":16,"column":64}},"13":{"start":{"line":21,"column":0},"end":{"line":21,"column":26}}},"fnMap":{"0":{"name":"auth","decl":{"start":{"line":3,"column":9},"end":{"line":3,"column":13}},"loc":{"start":{"line":3,"column":34},"end":{"line":19,"column":1}},"line":3},"1":{"name":"(anonymous_1)","decl":{"start":{"line":4,"column":9},"end":{"line":4,"column":10}},"loc":{"start":{"line":4,"column":29},"end":{"line":18,"column":3}},"line":4}},"branchMap":{"0":{"loc":{"start":{"line":3,"column":14},"end":{"line":3,"column":32}},"type":"default-arg","locations":[{"start":{"line":3,"column":30},"end":{"line":3,"column":32}}],"line":3},"1":{"loc":{"start":{"line":6,"column":21},"end":{"line":6,"column":52}},"type":"binary-expr","locations":[{"start":{"line":6,"column":21},"end":{"line":6,"column":46}},{"start":{"line":6,"column":50},"end":{"line":6,"column":52}}],"line":6},"2":{"loc":{"start":{"line":7,"column":20},"end":{"line":7,"column":73}},"type":"cond-expr","locations":[{"start":{"line":7,"column":51},"end":{"line":7,"column":66}},{"start":{"line":7,"column":69},"end":{"line":7,"column":73}}],"line":7},"3":{"loc":{"start":{"line":8,"column":6},"end":{"line":8,"column":76}},"type":"if","locations":[{"start":{"line":8,"column":6},"end":{"line":8,"column":76}},{"start":{},"end":{}}],"line":8},"4":{"loc":{"start":{"line":9,"column":40},"end":{"line":9,"column":78}},"type":"binary-expr","locations":[{"start":{"line":9,"column":40},"end":{"line":9,"column":62}},{"start":{"line":9,"column":66},"end":{"line":9,"column":78}}],"line":9},"5":{"loc":{"start":{"line":11,"column":6},"end":{"line":13,"column":7}},"type":"if","locations":[{"start":{"line":11,"column":6},"end":{"line":13,"column":7}},{"start":{},"end":{}}],"line":11},"6":{"loc":{"start":{"line":11,"column":10},"end":{"line":11,"column":71}},"type":"binary-expr","locations":[{"start":{"line":11,"column":10},"end":{"line":11,"column":30}},{"start":{"line":11,"column":34},"end":{"line":11,"column":71}}],"line":11}},"s":{"0":3,"1":54,"2":0,"3":0,"4":0,"5":0,"6":0,"7":0,"8":0,"9":0,"10":0,"11":0,"12":0,"13":3},"f":{"0":54,"1":0},"b":{"0":[3],"1":[0,0],"2":[0,0],"3":[0,0],"4":[0,0],"5":[0,0],"6":[0,0]},"_coverageSchema":"1a1c01bbd47fc00a2c39e90264f33305004495a9","hash":"fd8ac93b1c5623b58b23d6ead309417f38d43cdd"}
,"/home/oem/project/edu/web-development/result-management-system/server/src/models/Assessment.js": {"path":"/home/oem/project/edu/web-development/result-management-system/server/src/models/Assessment.js","statementMap":{"0":{"start":{"line":1,"column":17},"end":{"line":1,"column":36}},"1":{"start":{"line":3,"column":25},"end":{"line":11,"column":1}},"2":{"start":{"line":13,"column":0},"end":{"line":13,"column":65}},"3":{"start":{"line":15,"column":0},"end":{"line":15,"column":64}}},"fnMap":{},"branchMap":{},"s":{"0":3,"1":3,"2":3,"3":3},"f":{},"b":{},"_coverageSchema":"1a1c01bbd47fc00a2c39e90264f33305004495a9","hash":"2f44e54c188f5bee7c28f49d04070d0a4639ed6c"}
,"/home/oem/project/edu/web-development/result-management-system/server/src/models/Course.js": {"path":"/home/oem/project/edu/web-development/result-management-system/server/src/models/Course.js","statementMap":{"0":{"start":{"line":1,"column":17},"end":{"line":1,"column":36}},"1":{"start":{"line":3,"column":21},"end":{"line":10,"column":1}},"2":{"start":{"line":12,"column":0},"end":{"line":12,"column":56}}},"fnMap":{},"branchMap":{},"s":{"0":3,"1":3,"2":3},"f":{},"b":{},"_coverageSchema":"1a1c01bbd47fc00a2c39e90264f33305004495a9","hash":"f2d65dbd137fd8a0b0d2363c5a2dfa05d6dcf934"}
,"/home/oem/project/edu/web-development/result-management-system/server/src/models/Enrollment.js": {"path":"/home/oem/project/edu/web-development/result-management-system/server/src/models/Enrollment.js","statementMap":{"0":{"start":{"line":1,"column":17},"end":{"line":1,"column":36}},"1":{"start":{"line":3,"column":25},"end":{"line":10,"column":1}},"2":{"start":{"line":12,"column":0},"end":{"line":12,"column":68}},"3":{"start":{"line":14,"column":0},"end":{"line":14,"column":64}}},"fnMap":{},"branchMap":{},"s":{"0":3,"1":3,"2":3,"3":3},"f":{},"b":{},"_coverageSchema":"1a1c01bbd47fc00a2c39e90264f33305004495a9","hash":"d8d9c51ff5749361e62c9dad573f1d4b0dec865a"}
,"/home/oem/project/edu/web-development/result-management-system/server/src/models/Mark.js": {"path":"/home/oem/project/edu/web-development/result-management-system/server/src/models/Mark.js","statementMap":{"0":{"start":{"line":1,"column":17},"end":{"line":1,"column":36}},"1":{"start":{"line":3,"column":19},"end":{"line":11,"column":1}},"2":{"start":{"line":13,"column":0},"end":{"line":13,"column":66}},"3":{"start":{"line":15,"column":0},"end":{"line":15,"column":52}}},"fnMap":{},"branchMap":{},"s":{"0":3,"1":3,"2":3,"3":3},"f":{},"b":{},"_coverageSchema":"1a1c01bbd47fc00a2c39e90264f33305004495a9","hash":"8f8779c2b12977fa31c183e6e6e2469faf365b97"}
,"/home/oem/project/edu/web-development/result-management-system/server/src/models/Student.js": {"path":"/home/oem/project/edu/web-development/result-management-system/server/src/models/Student.js","statementMap":{"0":{"start":{"line":1,"column":17},"end":{"line":1,"column":36}},"1":{"start":{"line":3,"column":22},"end":{"line":11,"column":1}},"2":{"start":{"line":13,"column":0},"end":{"line":13,"column":58}}},"fnMap":{},"branchMap":{},"s":{"0":3,"1":3,"2":3},"f":{},"b":{},"_coverageSchema":"1a1c01bbd47fc00a2c39e90264f33305004495a9","hash":"d1196d32ea5b05a30af7b5937c639a6e87636d1c"}
,"/home/oem/project/edu/web-development/result-management-system/server/src/models/User.js": {"path":"/home/oem/project/edu/web-development/result-management-system/server/src/models/User.js","statementMap":{"0":{"start":{"line":1,"column":17},"end":{"line":1,"column":36}},"1":{"start":{"line":3,"column":19},"end":{"line":11,"column":1}},"2":{"start":{"line":13,"column":0},"end":{"line":13,"column":52}}},"fnMap":{},"branchMap":{},"s":{"0":3,"1":3,"2":3},"f":{},"b":{},"_coverageSchema":"1a1c01bbd47fc00a2c39e90264f33305004495a9","hash":"a2b65f1f143bbe67b4e0445ca77b43a8c6f08448"}
,"/home/oem/project/edu/web-development/result-management-system/server/src/routes/assessments.js": {"path":"/home/oem/project/edu/web-development/result-management-system/server/src/routes/assessments.js","statementMap":{"0":{"start":{"line":1,"column":16},"end":{"line":1,"column":34}},"1":{"start":{"line":2,"column":17},"end":{"line":2,"column":46}},"2":{"start":{"line":3,"column":19},"end":{"line":3,"column":50}},"3":{"start":{"line":5,"column":15},"end":{"line":5,"column":31}},"4":{"start":{"line":7,"column":0},"end":{"line":10,"column":3}},"5":{"start":{"line":8,"column":15},"end":{"line":8,"column":92}},"6":{"start":{"line":9,"column":2},"end":{"line":9,"column":17}},"7":{"start":{"line":12,"column":0},"end":{"line":30,"column":3}},"8":{"start":{"line":13,"column":2},"end":{"line":29,"column":3}},"9":{"start":{"line":14,"column":46},"end":{"line":14,"column":54}},"10":{"start":{"line":16,"column":20},"end":{"line":16,"column":74}},"11":{"start":{"line":18,"column":6},"end":{"line":18,"column":92}},"12":{"start":{"line":18,"column":31},"end":{"line":18,"column":57}},"13":{"start":{"line":19,"column":4},"end":{"line":19,"column":91}},"14":{"start":{"line":19,"column":21},"end":{"line":19,"column":91}},"15":{"start":{"line":20,"column":16},"end":{"line":25,"column":6}},"16":{"start":{"line":26,"column":4},"end":{"line":26,"column":30}},"17":{"start":{"line":28,"column":4},"end":{"line":28,"column":75}},"18":{"start":{"line":32,"column":0},"end":{"line":51,"column":3}},"19":{"start":{"line":33,"column":2},"end":{"line":50,"column":3}},"20":{"start":{"line":34,"column":46},"end":{"line":34,"column":54}},"21":{"start":{"line":35,"column":21},"end":{"line":35,"column":61}},"22":{"start":{"line":36,"column":4},"end":{"line":36,"column":73}},"23":{"start":{"line":36,"column":19},"end":{"line":36,"column":73}},"24":{"start":{"line":37,"column":21},"end":{"line":37,"column":99}},"25":{"start":{"line":39,"column":6},"end":{"line":39,"column":93}},"26":{"start":{"line":39,"column":32},"end":{"line":39,"column":58}},"27":{"start":{"line":40,"column":4},"end":{"line":40,"column":91}},"28":{"start":{"line":40,"column":21},"end":{"line":40,"column":91}},"29":{"start":{"line":41,"column":16},"end":{"line":45,"column":5}},"30":{"start":{"line":46,"column":4},"end":{"line":46,"column":68}},"31":{"start":{"line":46,"column":14},"end":{"line":46,"column":68}},"32":{"start":{"line":47,"column":4},"end":{"line":47,"column":18}},"33":{"start":{"line":49,"column":4},"end":{"line":49,"column":75}},"34":{"start":{"line":53,"column":0},"end":{"line":61,"column":3}},"35":{"start":{"line":54,"column":2},"end":{"line":60,"column":3}},"36":{"start":{"line":55,"column":16},"end":{"line":55,"column":65}},"37":{"start":{"line":56,"column":4},"end":{"line":56,"column":68}},"38":{"start":{"line":56,"column":14},"end":{"line":56,"column":68}},"39":{"start":{"line":57,"column":4},"end":{"line":57,"column":27}},"40":{"start":{"line":59,"column":4},"end":{"line":59,"column":75}},"41":{"start":{"line":63,"column":0},"end":{"line":63,"column":24}}},"fnMap":{"0":{"name":"(anonymous_0)","decl":{"start":{"line":7,"column":71},"end":{"line":7,"column":72}},"loc":{"start":{"line":7,"column":91},"end":{"line":10,"column":1}},"line":7},"1":{"name":"(anonymous_1)","decl":{"start":{"line":12,"column":61},"end":{"line":12,"column":62}},"loc":{"start":{"line":12,"column":81},"end":{"line":30,"column":1}},"line":12},"2":{"name":"(anonymous_2)","decl":{"start":{"line":18,"column":21},"end":{"line":18,"column":22}},"loc":{"start":{"line":18,"column":31},"end":{"line":18,"column":57}},"line":18},"3":{"name":"(anonymous_3)","decl":{"start":{"line":32,"column":47},"end":{"line":32,"column":48}},"loc":{"start":{"line":32,"column":67},"end":{"line":51,"column":1}},"line":32},"4":{"name":"(anonymous_4)","decl":{"start":{"line":39,"column":22},"end":{"line":39,"column":23}},"loc":{"start":{"line":39,"column":32},"end":{"line":39,"column":58}},"line":39},"5":{"name":"(anonymous_5)","decl":{"start":{"line":53,"column":50},"end":{"line":53,"column":51}},"loc":{"start":{"line":53,"column":70},"end":{"line":61,"column":1}},"line":53}},"branchMap":{"0":{"loc":{"start":{"line":18,"column":36},"end":{"line":18,"column":56}},"type":"binary-expr","locations":[{"start":{"line":18,"column":36},"end":{"line":18,"column":51}},{"start":{"line":18,"column":55},"end":{"line":18,"column":56}}],"line":18},"1":{"loc":{"start":{"line":18,"column":65},"end":{"line":18,"column":91}},"type":"binary-expr","locations":[{"start":{"line":18,"column":65},"end":{"line":18,"column":86}},{"start":{"line":18,"column":90},"end":{"line":18,"column":91}}],"line":18},"2":{"loc":{"start":{"line":19,"column":4},"end":{"line":19,"column":91}},"type":"if","locations":[{"start":{"line":19,"column":4},"end":{"line":19,"column":91}},{"start":{},"end":{}}],"line":19},"3":{"loc":{"start":{"line":36,"column":4},"end":{"line":36,"column":73}},"type":"if","locations":[{"start":{"line":36,"column":4},"end":{"line":36,"column":73}},{"start":{},"end":{}}],"line":36},"4":{"loc":{"start":{"line":39,"column":37},"end":{"line":39,"column":57}},"type":"binary-expr","locations":[{"start":{"line":39,"column":37},"end":{"line":39,"column":52}},{"start":{"line":39,"column":56},"end":{"line":39,"column":57}}],"line":39},"5":{"loc":{"start":{"line":39,"column":66},"end":{"line":39,"column":92}},"type":"binary-expr","locations":[{"start":{"line":39,"column":66},"end":{"line":39,"column":87}},{"start":{"line":39,"column":91},"end":{"line":39,"column":92}}],"line":39},"6":{"loc":{"start":{"line":40,"column":4},"end":{"line":40,"column":91}},"type":"if","locations":[{"start":{"line":40,"column":4},"end":{"line":40,"column":91}},{"start":{},"end":{}}],"line":40},"7":{"loc":{"start":{"line":46,"column":4},"end":{"line":46,"column":68}},"type":"if","locations":[{"start":{"line":46,"column":4},"end":{"line":46,"column":68}},{"start":{},"end":{}}],"line":46},"8":{"loc":{"start":{"line":56,"column":4},"end":{"line":56,"column":68}},"type":"if","locations":[{"start":{"line":56,"column":4},"end":{"line":56,"column":68}},{"start":{},"end":{}}],"line":56}},"s":{"0":3,"1":3,"2":3,"3":3,"4":3,"5":0,"6":0,"7":3,"8":0,"9":0,"10":0,"11":0,"12":0,"13":0,"14":0,"15":0,"16":0,"17":0,"18":3,"19":0,"20":0,"21":0,"22":0,"23":0,"24":0,"25":0,"26":0,"27":0,"28":0,"29":0,"30":0,"31":0,"32":0,"33":0,"34":3,"35":0,"36":0,"37":0,"38":0,"39":0,"40":0,"41":3},"f":{"0":0,"1":0,"2":0,"3":0,"4":0,"5":0},"b":{"0":[0,0],"1":[0,0],"2":[0,0],"3":[0,0],"4":[0,0],"5":[0,0],"6":[0,0],"7":[0,0],"8":[0,0]},"_coverageSchema":"1a1c01bbd47fc00a2c39e90264f33305004495a9","hash":"56404368afb66d12cac1bfdcb3675d73cc49d01c"}
,"/home/oem/project/edu/web-development/result-management-system/server/src/routes/auth.js": {"path":"/home/oem/project/edu/web-development/result-management-system/server/src/routes/auth.js","statementMap":{"0":{"start":{"line":1,"column":16},"end":{"line":1,"column":34}},"1":{"start":{"line":2,"column":15},"end":{"line":2,"column":34}},"2":{"start":{"line":3,"column":12},"end":{"line":3,"column":35}},"3":{"start":{"line":4,"column":17},"end":{"line":4,"column":46}},"4":{"start":{"line":5,"column":13},"end":{"line":5,"column":38}},"5":{"start":{"line":7,"column":15},"end":{"line":7,"column":31}},"6":{"start":{"line":9,"column":0},"end":{"line":39,"column":3}},"7":{"start":{"line":10,"column":2},"end":{"line":38,"column":3}},"8":{"start":{"line":11,"column":32},"end":{"line":11,"column":40}},"9":{"start":{"line":12,"column":17},"end":{"line":12,"column":66}},"10":{"start":{"line":13,"column":4},"end":{"line":13,"column":79}},"11":{"start":{"line":13,"column":15},"end":{"line":13,"column":79}},"12":{"start":{"line":14,"column":15},"end":{"line":14,"column":64}},"13":{"start":{"line":15,"column":4},"end":{"line":15,"column":77}},"14":{"start":{"line":15,"column":13},"end":{"line":15,"column":77}},"15":{"start":{"line":16,"column":18},"end":{"line":25,"column":5}},"16":{"start":{"line":26,"column":4},"end":{"line":35,"column":7}},"17":{"start":{"line":37,"column":4},"end":{"line":37,"column":54}},"18":{"start":{"line":41,"column":0},"end":{"line":55,"column":3}},"19":{"start":{"line":42,"column":2},"end":{"line":54,"column":3}},"20":{"start":{"line":43,"column":17},"end":{"line":43,"column":69}},"21":{"start":{"line":44,"column":4},"end":{"line":44,"column":74}},"22":{"start":{"line":44,"column":15},"end":{"line":44,"column":74}},"23":{"start":{"line":45,"column":4},"end":{"line":51,"column":7}},"24":{"start":{"line":53,"column":4},"end":{"line":53,"column":65}},"25":{"start":{"line":57,"column":0},"end":{"line":57,"column":24}}},"fnMap":{"0":{"name":"(anonymous_0)","decl":{"start":{"line":9,"column":22},"end":{"line":9,"column":23}},"loc":{"start":{"line":9,"column":42},"end":{"line":39,"column":1}},"line":9},"1":{"name":"(anonymous_1)","decl":{"start":{"line":41,"column":26},"end":{"line":41,"column":27}},"loc":{"start":{"line":41,"column":46},"end":{"line":55,"column":1}},"line":41}},"branchMap":{"0":{"loc":{"start":{"line":13,"column":4},"end":{"line":13,"column":79}},"type":"if","locations":[{"start":{"line":13,"column":4},"end":{"line":13,"column":79}},{"start":{},"end":{}}],"line":13},"1":{"loc":{"start":{"line":15,"column":4},"end":{"line":15,"column":77}},"type":"if","locations":[{"start":{"line":15,"column":4},"end":{"line":15,"column":77}},{"start":{},"end":{}}],"line":15},"2":{"loc":{"start":{"line":21,"column":19},"end":{"line":21,"column":57}},"type":"cond-expr","locations":[{"start":{"line":21,"column":34},"end":{"line":21,"column":50}},{"start":{"line":21,"column":53},"end":{"line":21,"column":57}}],"line":21},"3":{"loc":{"start":{"line":23,"column":6},"end":{"line":23,"column":44}},"type":"binary-expr","locations":[{"start":{"line":23,"column":6},"end":{"line":23,"column":28}},{"start":{"line":23,"column":32},"end":{"line":23,"column":44}}],"line":23},"4":{"loc":{"start":{"line":32,"column":19},"end":{"line":32,"column":57}},"type":"cond-expr","locations":[{"start":{"line":32,"column":34},"end":{"line":32,"column":50}},{"start":{"line":32,"column":53},"end":{"line":32,"column":57}}],"line":32},"5":{"loc":{"start":{"line":33,"column":14},"end":{"line":33,"column":58}},"type":"cond-expr","locations":[{"start":{"line":33,"column":29},"end":{"line":33,"column":46}},{"start":{"line":33,"column":49},"end":{"line":33,"column":58}}],"line":33},"6":{"loc":{"start":{"line":44,"column":4},"end":{"line":44,"column":74}},"type":"if","locations":[{"start":{"line":44,"column":4},"end":{"line":44,"column":74}},{"start":{},"end":{}}],"line":44},"7":{"loc":{"start":{"line":49,"column":17},"end":{"line":49,"column":55}},"type":"cond-expr","locations":[{"start":{"line":49,"column":32},"end":{"line":49,"column":48}},{"start":{"line":49,"column":51},"end":{"line":49,"column":55}}],"line":49},"8":{"loc":{"start":{"line":50,"column":12},"end":{"line":50,"column":56}},"type":"cond-expr","locations":[{"start":{"line":50,"column":27},"end":{"line":50,"column":44}},{"start":{"line":50,"column":47},"end":{"line":50,"column":56}}],"line":50}},"s":{"0":3,"1":3,"2":3,"3":3,"4":3,"5":3,"6":3,"7":0,"8":0,"9":0,"10":0,"11":0,"12":0,"13":0,"14":0,"15":0,"16":0,"17":0,"18":3,"19":0,"20":0,"21":0,"22":0,"23":0,"24":0,"25":3},"f":{"0":0,"1":0},"b":{"0":[0,0],"1":[0,0],"2":[0,0],"3":[0,0],"4":[0,0],"5":[0,0],"6":[0,0],"7":[0,0],"8":[0,0]},"_coverageSchema":"1a1c01bbd47fc00a2c39e90264f33305004495a9","hash":"5eed8b9aba4ed0a120a928c5c7fa1193e05406f1"}
,"/home/oem/project/edu/web-development/result-management-system/server/src/routes/courses.js": {"path":"/home/oem/project/edu/web-development/result-management-system/server/src/routes/courses.js","statementMap":{"0":{"start":{"line":1,"column":16},"end":{"line":1,"column":34}},"1":{"start":{"line":2,"column":17},"end":{"line":2,"column":46}},"2":{"start":{"line":3,"column":15},"end":{"line":3,"column":42}},"3":{"start":{"line":5,"column":15},"end":{"line":5,"column":31}},"4":{"start":{"line":7,"column":0},"end":{"line":10,"column":3}},"5":{"start":{"line":8,"column":18},"end":{"line":8,"column":55}},"6":{"start":{"line":9,"column":2},"end":{"line":9,"column":20}},"7":{"start":{"line":12,"column":0},"end":{"line":19,"column":3}},"8":{"start":{"line":13,"column":2},"end":{"line":18,"column":3}},"9":{"start":{"line":14,"column":19},"end":{"line":14,"column":48}},"10":{"start":{"line":15,"column":4},"end":{"line":15,"column":33}},"11":{"start":{"line":17,"column":4},"end":{"line":17,"column":75}},"12":{"start":{"line":21,"column":0},"end":{"line":21,"column":24}}},"fnMap":{"0":{"name":"(anonymous_0)","decl":{"start":{"line":7,"column":55},"end":{"line":7,"column":56}},"loc":{"start":{"line":7,"column":75},"end":{"line":10,"column":1}},"line":7},"1":{"name":"(anonymous_1)","decl":{"start":{"line":12,"column":34},"end":{"line":12,"column":35}},"loc":{"start":{"line":12,"column":54},"end":{"line":19,"column":1}},"line":12}},"branchMap":{},"s":{"0":3,"1":3,"2":3,"3":3,"4":3,"5":0,"6":0,"7":3,"8":0,"9":0,"10":0,"11":0,"12":3},"f":{"0":0,"1":0},"b":{},"_coverageSchema":"1a1c01bbd47fc00a2c39e90264f33305004495a9","hash":"1ba311a4104035a6c2b8a2b43a37924848b93ddf"}
,"/home/oem/project/edu/web-development/result-management-system/server/src/routes/enrollments.js": {"path":"/home/oem/project/edu/web-development/result-management-system/server/src/routes/enrollments.js","statementMap":{"0":{"start":{"line":1,"column":16},"end":{"line":1,"column":34}},"1":{"start":{"line":2,"column":17},"end":{"line":2,"column":46}},"2":{"start":{"line":3,"column":19},"end":{"line":3,"column":50}},"3":{"start":{"line":5,"column":15},"end":{"line":5,"column":31}},"4":{"start":{"line":7,"column":0},"end":{"line":17,"column":3}},"5":{"start":{"line":8,"column":2},"end":{"line":16,"column":3}},"6":{"start":{"line":9,"column":17},"end":{"line":12,"column":29}},"7":{"start":{"line":13,"column":4},"end":{"line":13,"column":19}},"8":{"start":{"line":15,"column":4},"end":{"line":15,"column":54}},"9":{"start":{"line":19,"column":0},"end":{"line":27,"column":3}},"10":{"start":{"line":20,"column":2},"end":{"line":26,"column":3}},"11":{"start":{"line":21,"column":42},"end":{"line":21,"column":50}},"12":{"start":{"line":22,"column":16},"end":{"line":22,"column":70}},"13":{"start":{"line":23,"column":4},"end":{"line":23,"column":30}},"14":{"start":{"line":25,"column":4},"end":{"line":25,"column":55}},"15":{"start":{"line":29,"column":0},"end":{"line":29,"column":24}}},"fnMap":{"0":{"name":"(anonymous_0)","decl":{"start":{"line":7,"column":60},"end":{"line":7,"column":61}},"loc":{"start":{"line":7,"column":80},"end":{"line":17,"column":1}},"line":7},"1":{"name":"(anonymous_1)","decl":{"start":{"line":19,"column":34},"end":{"line":19,"column":35}},"loc":{"start":{"line":19,"column":54},"end":{"line":27,"column":1}},"line":19}},"branchMap":{},"s":{"0":3,"1":3,"2":3,"3":3,"4":3,"5":0,"6":0,"7":0,"8":0,"9":3,"10":0,"11":0,"12":0,"13":0,"14":0,"15":3},"f":{"0":0,"1":0},"b":{},"_coverageSchema":"1a1c01bbd47fc00a2c39e90264f33305004495a9","hash":"ba92d7505e02cd140c7355af4ce895ee784d4e69"}
,"/home/oem/project/edu/web-development/result-management-system/server/src/routes/marks.js": {"path":"/home/oem/project/edu/web-development/result-management-system/server/src/routes/marks.js","statementMap":{"0":{"start":{"line":1,"column":16},"end":{"line":1,"column":34}},"1":{"start":{"line":2,"column":17},"end":{"line":2,"column":46}},"2":{"start":{"line":3,"column":13},"end":{"line":3,"column":38}},"3":{"start":{"line":4,"column":19},"end":{"line":4,"column":50}},"4":{"start":{"line":6,"column":15},"end":{"line":6,"column":31}},"5":{"start":{"line":8,"column":0},"end":{"line":13,"column":3}},"6":{"start":{"line":9,"column":16},"end":{"line":11,"column":27}},"7":{"start":{"line":12,"column":2},"end":{"line":12,"column":18}},"8":{"start":{"line":15,"column":0},"end":{"line":32,"column":3}},"9":{"start":{"line":16,"column":2},"end":{"line":31,"column":3}},"10":{"start":{"line":17,"column":51},"end":{"line":17,"column":59}},"11":{"start":{"line":18,"column":14},"end":{"line":18,"column":51}},"12":{"start":{"line":19,"column":4},"end":{"line":19,"column":77}},"13":{"start":{"line":19,"column":12},"end":{"line":19,"column":77}},"14":{"start":{"line":20,"column":4},"end":{"line":22,"column":5}},"15":{"start":{"line":21,"column":6},"end":{"line":21,"column":69}},"16":{"start":{"line":23,"column":16},"end":{"line":27,"column":5}},"17":{"start":{"line":28,"column":4},"end":{"line":28,"column":30}},"18":{"start":{"line":30,"column":4},"end":{"line":30,"column":73}},"19":{"start":{"line":35,"column":0},"end":{"line":42,"column":3}},"20":{"start":{"line":36,"column":15},"end":{"line":36,"column":70}},"21":{"start":{"line":37,"column":17},"end":{"line":37,"column":45}},"22":{"start":{"line":38,"column":15},"end":{"line":38,"column":84}},"23":{"start":{"line":38,"column":31},"end":{"line":38,"column":72}},"24":{"start":{"line":39,"column":2},"end":{"line":39,"column":44}},"25":{"start":{"line":40,"column":2},"end":{"line":40,"column":75}},"26":{"start":{"line":41,"column":2},"end":{"line":41,"column":33}},"27":{"start":{"line":45,"column":0},"end":{"line":72,"column":2}},"28":{"start":{"line":50,"column":18},"end":{"line":50,"column":56}},"29":{"start":{"line":51,"column":17},"end":{"line":51,"column":31}},"30":{"start":{"line":52,"column":16},"end":{"line":60,"column":9}},"31":{"start":{"line":53,"column":21},"end":{"line":53,"column":36}},"32":{"start":{"line":54,"column":24},"end":{"line":54,"column":40}},"33":{"start":{"line":55,"column":46},"end":{"line":60,"column":7}},"34":{"start":{"line":61,"column":20},"end":{"line":61,"column":22}},"35":{"start":{"line":62,"column":4},"end":{"line":69,"column":5}},"36":{"start":{"line":63,"column":18},"end":{"line":67,"column":8}},"37":{"start":{"line":68,"column":6},"end":{"line":68,"column":24}},"38":{"start":{"line":70,"column":4},"end":{"line":70,"column":40}},"39":{"start":{"line":74,"column":0},"end":{"line":74,"column":24}}},"fnMap":{"0":{"name":"(anonymous_0)","decl":{"start":{"line":8,"column":60},"end":{"line":8,"column":61}},"loc":{"start":{"line":8,"column":80},"end":{"line":13,"column":1}},"line":8},"1":{"name":"(anonymous_1)","decl":{"start":{"line":15,"column":45},"end":{"line":15,"column":46}},"loc":{"start":{"line":15,"column":65},"end":{"line":32,"column":1}},"line":15},"2":{"name":"(anonymous_2)","decl":{"start":{"line":35,"column":60},"end":{"line":35,"column":61}},"loc":{"start":{"line":35,"column":80},"end":{"line":42,"column":1}},"line":35},"3":{"name":"(anonymous_3)","decl":{"start":{"line":38,"column":24},"end":{"line":38,"column":25}},"loc":{"start":{"line":38,"column":31},"end":{"line":38,"column":72}},"line":38},"4":{"name":"(anonymous_4)","decl":{"start":{"line":49,"column":2},"end":{"line":49,"column":3}},"loc":{"start":{"line":49,"column":22},"end":{"line":71,"column":3}},"line":49},"5":{"name":"(anonymous_5)","decl":{"start":{"line":53,"column":11},"end":{"line":53,"column":12}},"loc":{"start":{"line":53,"column":21},"end":{"line":53,"column":36}},"line":53},"6":{"name":"(anonymous_6)","decl":{"start":{"line":54,"column":14},"end":{"line":54,"column":15}},"loc":{"start":{"line":54,"column":24},"end":{"line":54,"column":40}},"line":54},"7":{"name":"(anonymous_7)","decl":{"start":{"line":55,"column":11},"end":{"line":55,"column":12}},"loc":{"start":{"line":55,"column":46},"end":{"line":60,"column":7}},"line":55}},"branchMap":{"0":{"loc":{"start":{"line":19,"column":4},"end":{"line":19,"column":77}},"type":"if","locations":[{"start":{"line":19,"column":4},"end":{"line":19,"column":77}},{"start":{},"end":{}}],"line":19},"1":{"loc":{"start":{"line":20,"column":4},"end":{"line":22,"column":5}},"type":"if","locations":[{"start":{"line":20,"column":4},"end":{"line":22,"column":5}},{"start":{},"end":{}}],"line":20},"2":{"loc":{"start":{"line":20,"column":8},"end":{"line":20,"column":55}},"type":"binary-expr","locations":[{"start":{"line":20,"column":8},"end":{"line":20,"column":17}},{"start":{"line":20,"column":22},"end":{"line":20,"column":32}},{"start":{"line":20,"column":36},"end":{"line":20,"column":54}}],"line":20},"3":{"loc":{"start":{"line":50,"column":19},"end":{"line":50,"column":33}},"type":"binary-expr","locations":[{"start":{"line":50,"column":19},"end":{"line":50,"column":27}},{"start":{"line":50,"column":31},"end":{"line":50,"column":33}}],"line":50}},"s":{"0":3,"1":3,"2":3,"3":3,"4":3,"5":3,"6":0,"7":0,"8":3,"9":0,"10":0,"11":0,"12":0,"13":0,"14":0,"15":0,"16":0,"17":0,"18":0,"19":3,"20":0,"21":0,"22":0,"23":0,"24":0,"25":0,"26":0,"27":3,"28":0,"29":0,"30":0,"31":0,"32":0,"33":0,"34":0,"35":0,"36":0,"37":0,"38":0,"39":3},"f":{"0":0,"1":0,"2":0,"3":0,"4":0,"5":0,"6":0,"7":0},"b":{"0":[0,0],"1":[0,0],"2":[0,0,0],"3":[0,0]},"_coverageSchema":"1a1c01bbd47fc00a2c39e90264f33305004495a9","hash":"951268ab3f6474eda1746104dedab651aa13ea35"}
,"/home/oem/project/edu/web-development/result-management-system/server/src/routes/results.js": {"path":"/home/oem/project/edu/web-development/result-management-system/server/src/routes/results.js","statementMap":{"0":{"start":{"line":1,"column":16},"end":{"line":1,"column":34}},"1":{"start":{"line":2,"column":17},"end":{"line":2,"column":46}},"2":{"start":{"line":3,"column":19},"end":{"line":3,"column":50}},"3":{"start":{"line":4,"column":19},"end":{"line":4,"column":50}},"4":{"start":{"line":5,"column":13},"end":{"line":5,"column":38}},"5":{"start":{"line":7,"column":69},"end":{"line":7,"column":95}},"6":{"start":{"line":8,"column":20},"end":{"line":8,"column":37}},"7":{"start":{"line":10,"column":15},"end":{"line":10,"column":31}},"8":{"start":{"line":12,"column":0},"end":{"line":56,"column":3}},"9":{"start":{"line":13,"column":2},"end":{"line":55,"column":3}},"10":{"start":{"line":14,"column":31},"end":{"line":14,"column":51}},"11":{"start":{"line":15,"column":4},"end":{"line":17,"column":5}},"12":{"start":{"line":16,"column":6},"end":{"line":16,"column":60}},"13":{"start":{"line":19,"column":24},"end":{"line":19,"column":97}},"14":{"start":{"line":20,"column":22},"end":{"line":20,"column":58}},"15":{"start":{"line":20,"column":45},"end":{"line":20,"column":57}},"16":{"start":{"line":22,"column":33},"end":{"line":25,"column":6}},"17":{"start":{"line":27,"column":32},"end":{"line":27,"column":41}},"18":{"start":{"line":28,"column":4},"end":{"line":32,"column":5}},"19":{"start":{"line":29,"column":18},"end":{"line":29,"column":34}},"20":{"start":{"line":30,"column":6},"end":{"line":30,"column":74}},"21":{"start":{"line":30,"column":41},"end":{"line":30,"column":74}},"22":{"start":{"line":31,"column":6},"end":{"line":31,"column":43}},"23":{"start":{"line":34,"column":30},"end":{"line":34,"column":82}},"24":{"start":{"line":34,"column":55},"end":{"line":34,"column":80}},"25":{"start":{"line":36,"column":26},"end":{"line":36,"column":28}},"26":{"start":{"line":37,"column":4},"end":{"line":48,"column":5}},"27":{"start":{"line":38,"column":21},"end":{"line":38,"column":29}},"28":{"start":{"line":39,"column":20},"end":{"line":39,"column":69}},"29":{"start":{"line":40,"column":22},"end":{"line":40,"column":68}},"30":{"start":{"line":41,"column":21},"end":{"line":41,"column":52}},"31":{"start":{"line":42,"column":6},"end":{"line":47,"column":9}},"32":{"start":{"line":50,"column":16},"end":{"line":50,"column":98}},"33":{"start":{"line":50,"column":53},"end":{"line":50,"column":95}},"34":{"start":{"line":52,"column":4},"end":{"line":52,"column":46}},"35":{"start":{"line":54,"column":4},"end":{"line":54,"column":67}},"36":{"start":{"line":58,"column":0},"end":{"line":114,"column":3}},"37":{"start":{"line":59,"column":2},"end":{"line":113,"column":3}},"38":{"start":{"line":60,"column":31},"end":{"line":60,"column":51}},"39":{"start":{"line":61,"column":4},"end":{"line":63,"column":5}},"40":{"start":{"line":62,"column":6},"end":{"line":62,"column":60}},"41":{"start":{"line":65,"column":24},"end":{"line":65,"column":97}},"42":{"start":{"line":66,"column":22},"end":{"line":66,"column":58}},"43":{"start":{"line":66,"column":45},"end":{"line":66,"column":57}},"44":{"start":{"line":67,"column":33},"end":{"line":70,"column":6}},"45":{"start":{"line":72,"column":32},"end":{"line":72,"column":41}},"46":{"start":{"line":73,"column":4},"end":{"line":77,"column":5}},"47":{"start":{"line":74,"column":18},"end":{"line":74,"column":34}},"48":{"start":{"line":75,"column":6},"end":{"line":75,"column":74}},"49":{"start":{"line":75,"column":41},"end":{"line":75,"column":74}},"50":{"start":{"line":76,"column":6},"end":{"line":76,"column":43}},"51":{"start":{"line":78,"column":30},"end":{"line":78,"column":82}},"52":{"start":{"line":78,"column":55},"end":{"line":78,"column":80}},"53":{"start":{"line":80,"column":17},"end":{"line":80,"column":19}},"54":{"start":{"line":81,"column":4},"end":{"line":93,"column":5}},"55":{"start":{"line":82,"column":21},"end":{"line":82,"column":29}},"56":{"start":{"line":83,"column":20},"end":{"line":83,"column":69}},"57":{"start":{"line":84,"column":22},"end":{"line":84,"column":68}},"58":{"start":{"line":85,"column":21},"end":{"line":85,"column":52}},"59":{"start":{"line":86,"column":6},"end":{"line":92,"column":9}},"60":{"start":{"line":94,"column":16},"end":{"line":94,"column":89}},"61":{"start":{"line":94,"column":44},"end":{"line":94,"column":86}},"62":{"start":{"line":96,"column":4},"end":{"line":96,"column":53}},"63":{"start":{"line":97,"column":4},"end":{"line":97,"column":79}},"64":{"start":{"line":98,"column":16},"end":{"line":98,"column":47}},"65":{"start":{"line":99,"column":4},"end":{"line":99,"column":18}},"66":{"start":{"line":100,"column":4},"end":{"line":100,"column":66}},"67":{"start":{"line":101,"column":4},"end":{"line":101,"column":19}},"68":{"start":{"line":102,"column":4},"end":{"line":102,"column":21}},"69":{"start":{"line":103,"column":4},"end":{"line":107,"column":7}},"70":{"start":{"line":104,"column":6},"end":{"line":104,"column":41}},"71":{"start":{"line":105,"column":6},"end":{"line":105,"column":86}},"72":{"start":{"line":106,"column":6},"end":{"line":106,"column":24}},"73":{"start":{"line":108,"column":4},"end":{"line":108,"column":19}},"74":{"start":{"line":109,"column":4},"end":{"line":109,"column":48}},"75":{"start":{"line":110,"column":4},"end":{"line":110,"column":14}},"76":{"start":{"line":112,"column":4},"end":{"line":112,"column":64}},"77":{"start":{"line":116,"column":0},"end":{"line":116,"column":24}}},"fnMap":{"0":{"name":"(anonymous_0)","decl":{"start":{"line":12,"column":73},"end":{"line":12,"column":74}},"loc":{"start":{"line":12,"column":93},"end":{"line":56,"column":1}},"line":12},"1":{"name":"(anonymous_1)","decl":{"start":{"line":20,"column":38},"end":{"line":20,"column":39}},"loc":{"start":{"line":20,"column":45},"end":{"line":20,"column":57}},"line":20},"2":{"name":"(anonymous_2)","decl":{"start":{"line":34,"column":48},"end":{"line":34,"column":49}},"loc":{"start":{"line":34,"column":55},"end":{"line":34,"column":80}},"line":34},"3":{"name":"(anonymous_3)","decl":{"start":{"line":50,"column":45},"end":{"line":50,"column":46}},"loc":{"start":{"line":50,"column":53},"end":{"line":50,"column":95}},"line":50},"4":{"name":"(anonymous_4)","decl":{"start":{"line":58,"column":77},"end":{"line":58,"column":78}},"loc":{"start":{"line":58,"column":97},"end":{"line":114,"column":1}},"line":58},"5":{"name":"(anonymous_5)","decl":{"start":{"line":66,"column":38},"end":{"line":66,"column":39}},"loc":{"start":{"line":66,"column":45},"end":{"line":66,"column":57}},"line":66},"6":{"name":"(anonymous_6)","decl":{"start":{"line":78,"column":48},"end":{"line":78,"column":49}},"loc":{"start":{"line":78,"column":55},"end":{"line":78,"column":80}},"line":78},"7":{"name":"(anonymous_7)","decl":{"start":{"line":94,"column":36},"end":{"line":94,"column":37}},"loc":{"start":{"line":94,"column":44},"end":{"line":94,"column":86}},"line":94},"8":{"name":"(anonymous_8)","decl":{"start":{"line":103,"column":17},"end":{"line":103,"column":18}},"loc":{"start":{"line":103,"column":24},"end":{"line":107,"column":5}},"line":103}},"branchMap":{"0":{"loc":{"start":{"line":15,"column":4},"end":{"line":17,"column":5}},"type":"if","locations":[{"start":{"line":15,"column":4},"end":{"line":17,"column":5}},{"start":{},"end":{}}],"line":15},"1":{"loc":{"start":{"line":15,"column":8},"end":{"line":15,"column":96}},"type":"binary-expr","locations":[{"start":{"line":15,"column":8},"end":{"line":15,"column":35}},{"start":{"line":15,"column":39},"end":{"line":15,"column":96}}],"line":15},"2":{"loc":{"start":{"line":30,"column":6},"end":{"line":30,"column":74}},"type":"if","locations":[{"start":{"line":30,"column":6},"end":{"line":30,"column":74}},{"start":{},"end":{}}],"line":30},"3":{"loc":{"start":{"line":39,"column":20},"end":{"line":39,"column":69}},"type":"binary-expr","locations":[{"start":{"line":39,"column":20},"end":{"line":39,"column":63}},{"start":{"line":39,"column":67},"end":{"line":39,"column":69}}],"line":39},"4":{"loc":{"start":{"line":61,"column":4},"end":{"line":63,"column":5}},"type":"if","locations":[{"start":{"line":61,"column":4},"end":{"line":63,"column":5}},{"start":{},"end":{}}],"line":61},"5":{"loc":{"start":{"line":61,"column":8},"end":{"line":61,"column":96}},"type":"binary-expr","locations":[{"start":{"line":61,"column":8},"end":{"line":61,"column":35}},{"start":{"line":61,"column":39},"end":{"line":61,"column":96}}],"line":61},"6":{"loc":{"start":{"line":75,"column":6},"end":{"line":75,"column":74}},"type":"if","locations":[{"start":{"line":75,"column":6},"end":{"line":75,"column":74}},{"start":{},"end":{}}],"line":75},"7":{"loc":{"start":{"line":83,"column":20},"end":{"line":83,"column":69}},"type":"binary-expr","locations":[{"start":{"line":83,"column":20},"end":{"line":83,"column":63}},{"start":{"line":83,"column":67},"end":{"line":83,"column":69}}],"line":83}},"s":{"0":3,"1":3,"2":3,"3":3,"4":3,"5":3,"6":3,"7":3,"8":3,"9":0,"10":0,"11":0,"12":0,"13":0,"14":0,"15":0,"16":0,"17":0,"18":0,"19":0,"20":0,"21":0,"22":0,"23":0,"24":0,"25":0,"26":0,"27":0,"28":0,"29":0,"30":0,"31":0,"32":0,"33":0,"34":0,"35":0,"36":3,"37":0,"38":0,"39":0,"40":0,"41":0,"42":0,"43":0,"44":0,"45":0,"46":0,"47":0,"48":0,"49":0,"50":0,"51":0,"52":0,"53":0,"54":0,"55":0,"56":0,"57":0,"58":0,"59":0,"60":0,"61":0,"62":0,"63":0,"64":0,"65":0,"66":0,"67":0,"68":0,"69":0,"70":0,"71":0,"72":0,"73":0,"74":0,"75":0,"76":0,"77":3},"f":{"0":0,"1":0,"2":0,"3":0,"4":0,"5":0,"6":0,"7":0,"8":0},"b":{"0":[0,0],"1":[0,0],"2":[0,0],"3":[0,0],"4":[0,0],"5":[0,0],"6":[0,0],"7":[0,0]},"_coverageSchema":"1a1c01bbd47fc00a2c39e90264f33305004495a9","hash":"5fe8bfbb032460d874819e5a3ba868bc7452e806"}
,"/home/oem/project/edu/web-development/result-management-system/server/src/routes/students.js": {"path":"/home/oem/project/edu/web-development/result-management-system/server/src/routes/students.js","statementMap":{"0":{"start":{"line":1,"column":16},"end":{"line":1,"column":34}},"1":{"start":{"line":2,"column":17},"end":{"line":2,"column":46}},"2":{"start":{"line":3,"column":16},"end":{"line":3,"column":44}},"3":{"start":{"line":5,"column":15},"end":{"line":5,"column":31}},"4":{"start":{"line":7,"column":0},"end":{"line":10,"column":3}},"5":{"start":{"line":8,"column":19},"end":{"line":8,"column":63}},"6":{"start":{"line":9,"column":2},"end":{"line":9,"column":21}},"7":{"start":{"line":12,"column":0},"end":{"line":19,"column":3}},"8":{"start":{"line":13,"column":2},"end":{"line":18,"column":3}},"9":{"start":{"line":14,"column":20},"end":{"line":14,"column":50}},"10":{"start":{"line":15,"column":4},"end":{"line":15,"column":34}},"11":{"start":{"line":17,"column":4},"end":{"line":17,"column":75}},"12":{"start":{"line":21,"column":0},"end":{"line":21,"column":24}}},"fnMap":{"0":{"name":"(anonymous_0)","decl":{"start":{"line":7,"column":44},"end":{"line":7,"column":45}},"loc":{"start":{"line":7,"column":64},"end":{"line":10,"column":1}},"line":7},"1":{"name":"(anonymous_1)","decl":{"start":{"line":12,"column":34},"end":{"line":12,"column":35}},"loc":{"start":{"line":12,"column":54},"end":{"line":19,"column":1}},"line":12}},"branchMap":{},"s":{"0":3,"1":3,"2":3,"3":3,"4":3,"5":0,"6":0,"7":3,"8":0,"9":0,"10":0,"11":0,"12":3},"f":{"0":0,"1":0},"b":{},"_coverageSchema":"1a1c01bbd47fc00a2c39e90264f33305004495a9","hash":"f9d281f63184bcbdcc87837ce3456d4baf25de64"}
,"/home/oem/project/edu/web-development/result-management-system/server/src/routes/users.js": {"path":"/home/oem/project/edu/web-development/result-management-system/server/src/routes/users.js","statementMap":{"0":{"start":{"line":1,"column":16},"end":{"line":1,"column":34}},"1":{"start":{"line":2,"column":15},"end":{"line":2,"column":34}},"2":{"start":{"line":3,"column":17},"end":{"line":3,"column":46}},"3":{"start":{"line":4,"column":13},"end":{"line":4,"column":38}},"4":{"start":{"line":5,"column":16},"end":{"line":5,"column":44}},"5":{"start":{"line":7,"column":15},"end":{"line":7,"column":31}},"6":{"start":{"line":10,"column":0},"end":{"line":41,"column":3}},"7":{"start":{"line":11,"column":2},"end":{"line":40,"column":3}},"8":{"start":{"line":12,"column":43},"end":{"line":12,"column":51}},"9":{"start":{"line":13,"column":4},"end":{"line":15,"column":5}},"10":{"start":{"line":14,"column":6},"end":{"line":14,"column":93}},"11":{"start":{"line":17,"column":20},"end":{"line":17,"column":53}},"12":{"start":{"line":18,"column":4},"end":{"line":18,"column":80}},"13":{"start":{"line":18,"column":18},"end":{"line":18,"column":80}},"14":{"start":{"line":20,"column":26},"end":{"line":20,"column":76}},"15":{"start":{"line":21,"column":4},"end":{"line":21,"column":88}},"16":{"start":{"line":21,"column":23},"end":{"line":21,"column":88}},"17":{"start":{"line":23,"column":32},"end":{"line":23,"column":74}},"18":{"start":{"line":24,"column":4},"end":{"line":25,"column":88}},"19":{"start":{"line":25,"column":6},"end":{"line":25,"column":88}},"20":{"start":{"line":27,"column":25},"end":{"line":27,"column":56}},"21":{"start":{"line":28,"column":17},"end":{"line":33,"column":6}},"22":{"start":{"line":35,"column":4},"end":{"line":37,"column":91}},"23":{"start":{"line":39,"column":4},"end":{"line":39,"column":89}},"24":{"start":{"line":43,"column":0},"end":{"line":43,"column":24}}},"fnMap":{"0":{"name":"(anonymous_0)","decl":{"start":{"line":10,"column":41},"end":{"line":10,"column":42}},"loc":{"start":{"line":10,"column":61},"end":{"line":41,"column":1}},"line":10}},"branchMap":{"0":{"loc":{"start":{"line":13,"column":4},"end":{"line":15,"column":5}},"type":"if","locations":[{"start":{"line":13,"column":4},"end":{"line":15,"column":5}},{"start":{},"end":{}}],"line":13},"1":{"loc":{"start":{"line":13,"column":8},"end":{"line":13,"column":41}},"type":"binary-expr","locations":[{"start":{"line":13,"column":8},"end":{"line":13,"column":18}},{"start":{"line":13,"column":22},"end":{"line":13,"column":28}},{"start":{"line":13,"column":32},"end":{"line":13,"column":41}}],"line":13},"2":{"loc":{"start":{"line":18,"column":4},"end":{"line":18,"column":80}},"type":"if","locations":[{"start":{"line":18,"column":4},"end":{"line":18,"column":80}},{"start":{},"end":{}}],"line":18},"3":{"loc":{"start":{"line":21,"column":4},"end":{"line":21,"column":88}},"type":"if","locations":[{"start":{"line":21,"column":4},"end":{"line":21,"column":88}},{"start":{},"end":{}}],"line":21},"4":{"loc":{"start":{"line":24,"column":4},"end":{"line":25,"column":88}},"type":"if","locations":[{"start":{"line":24,"column":4},"end":{"line":25,"column":88}},{"start":{},"end":{}}],"line":24}},"s":{"0":3,"1":3,"2":3,"3":3,"4":3,"5":3,"6":3,"7":0,"8":0,"9":0,"10":0,"11":0,"12":0,"13":0,"14":0,"15":0,"16":0,"17":0,"18":0,"19":0,"20":0,"21":0,"22":0,"23":0,"24":3},"f":{"0":0},"b":{"0":[0,0],"1":[0,0,0],"2":[0,0],"3":[0,0],"4":[0,0]},"_coverageSchema":"1a1c01bbd47fc00a2c39e90264f33305004495a9","hash":"00b5e44c02e7dabe9ed61235de566caffa3e25ec"}
,"/home/oem/project/edu/web-development/result-management-system/server/src/utils/grades.js": {"path":"/home/oem/project/edu/web-development/result-management-system/server/src/utils/grades.js","statementMap":{"0":{"start":{"line":5,"column":2},"end":{"line":5,"column":32}},"1":{"start":{"line":5,"column":21},"end":{"line":5,"column":32}},"2":{"start":{"line":6,"column":2},"end":{"line":6,"column":33}},"3":{"start":{"line":6,"column":21},"end":{"line":6,"column":33}},"4":{"start":{"line":7,"column":2},"end":{"line":7,"column":33}},"5":{"start":{"line":7,"column":21},"end":{"line":7,"column":33}},"6":{"start":{"line":8,"column":2},"end":{"line":8,"column":32}},"7":{"start":{"line":8,"column":21},"end":{"line":8,"column":32}},"8":{"start":{"line":9,"column":2},"end":{"line":9,"column":33}},"9":{"start":{"line":9,"column":21},"end":{"line":9,"column":33}},"10":{"start":{"line":10,"column":2},"end":{"line":10,"column":33}},"11":{"start":{"line":10,"column":21},"end":{"line":10,"column":33}},"12":{"start":{"line":11,"column":2},"end":{"line":11,"column":32}},"13":{"start":{"line":11,"column":21},"end":{"line":11,"column":32}},"14":{"start":{"line":12,"column":2},"end":{"line":12,"column":33}},"15":{"start":{"line":12,"column":21},"end":{"line":12,"column":33}},"16":{"start":{"line":13,"column":2},"end":{"line":13,"column":33}},"17":{"start":{"line":13,"column":21},"end":{"line":13,"column":33}},"18":{"start":{"line":14,"column":2},"end":{"line":14,"column":32}},"19":{"start":{"line":14,"column":21},"end":{"line":14,"column":32}},"20":{"start":{"line":15,"column":2},"end":{"line":15,"column":13}},"21":{"start":{"line":19,"column":2},"end":{"line":42,"column":3}},"22":{"start":{"line":21,"column":6},"end":{"line":21,"column":17}},"23":{"start":{"line":23,"column":6},"end":{"line":23,"column":17}},"24":{"start":{"line":25,"column":6},"end":{"line":25,"column":17}},"25":{"start":{"line":27,"column":6},"end":{"line":27,"column":17}},"26":{"start":{"line":29,"column":6},"end":{"line":29,"column":17}},"27":{"start":{"line":31,"column":6},"end":{"line":31,"column":17}},"28":{"start":{"line":33,"column":6},"end":{"line":33,"column":17}},"29":{"start":{"line":35,"column":6},"end":{"line":35,"column":17}},"30":{"start":{"line":37,"column":6},"end":{"line":37,"column":17}},"31":{"start":{"line":39,"column":6},"end":{"line":39,"column":17}},"32":{"start":{"line":41,"column":6},"end":{"line":41,"column":17}},"33":{"start":{"line":46,"column":14},"end":{"line":46,"column":15}},"34":{"start":{"line":47,"column":2},"end":{"line":52,"column":3}},"35":{"start":{"line":48,"column":17},"end":{"line":48,"column":55}},"36":{"start":{"line":49,"column":4},"end":{"line":49,"column":24}},"37":{"start":{"line":49,"column":15},"end":{"line":49,"column":24}},"38":{"start":{"line":50,"column":18},"end":{"line":50,"column":58}},"39":{"start":{"line":51,"column":4},"end":{"line":51,"column":37}},"40":{"start":{"line":53,"column":2},"end":{"line":53,"column":15}},"41":{"start":{"line":58,"column":27},"end":{"line":58,"column":28}},"42":{"start":{"line":59,"column":21},"end":{"line":59,"column":22}},"43":{"start":{"line":60,"column":2},"end":{"line":65,"column":3}},"44":{"start":{"line":61,"column":19},"end":{"line":61,"column":52}},"45":{"start":{"line":62,"column":15},"end":{"line":62,"column":43}},"46":{"start":{"line":63,"column":4},"end":{"line":63,"column":48}},"47":{"start":{"line":64,"column":4},"end":{"line":64,"column":35}},"48":{"start":{"line":66,"column":2},"end":{"line":66,"column":83}},"49":{"start":{"line":69,"column":0},"end":{"line":69,"column":100}}},"fnMap":{"0":{"name":"gradeLetterFromPercent","decl":{"start":{"line":1,"column":9},"end":{"line":1,"column":31}},"loc":{"start":{"line":1,"column":41},"end":{"line":16,"column":1}},"line":1},"1":{"name":"gradePointFromLetter","decl":{"start":{"line":18,"column":9},"end":{"line":18,"column":29}},"loc":{"start":{"line":18,"column":38},"end":{"line":43,"column":1}},"line":18},"2":{"name":"computeCoursePercent","decl":{"start":{"line":45,"column":9},"end":{"line":45,"column":29}},"loc":{"start":{"line":45,"column":64},"end":{"line":54,"column":1}},"line":45},"3":{"name":"computeGPA","decl":{"start":{"line":56,"column":9},"end":{"line":56,"column":19}},"loc":{"start":{"line":56,"column":29},"end":{"line":67,"column":1}},"line":56}},"branchMap":{"0":{"loc":{"start":{"line":5,"column":2},"end":{"line":5,"column":32}},"type":"if","locations":[{"start":{"line":5,"column":2},"end":{"line":5,"column":32}},{"start":{},"end":{}}],"line":5},"1":{"loc":{"start":{"line":6,"column":2},"end":{"line":6,"column":33}},"type":"if","locations":[{"start":{"line":6,"column":2},"end":{"line":6,"column":33}},{"start":{},"end":{}}],"line":6},"2":{"loc":{"start":{"line":7,"column":2},"end":{"line":7,"column":33}},"type":"if","locations":[{"start":{"line":7,"column":2},"end":{"line":7,"column":33}},{"start":{},"end":{}}],"line":7},"3":{"loc":{"start":{"line":8,"column":2},"end":{"line":8,"column":32}},"type":"if","locations":[{"start":{"line":8,"column":2},"end":{"line":8,"column":32}},{"start":{},"end":{}}],"line":8},"4":{"loc":{"start":{"line":9,"column":2},"end":{"line":9,"column":33}},"type":"if","locations":[{"start":{"line":9,"column":2},"end":{"line":9,"column":33}},{"start":{},"end":{}}],"line":9},"5":{"loc":{"start":{"line":10,"column":2},"end":{"line":10,"column":33}},"type":"if","locations":[{"start":{"line":10,"column":2},"end":{"line":10,"column":33}},{"start":{},"end":{}}],"line":10},"6":{"loc":{"start":{"line":11,"column":2},"end":{"line":11,"column":32}},"type":"if","locations":[{"start":{"line":11,"column":2},"end":{"line":11,"column":32}},{"start":{},"end":{}}],"line":11},"7":{"loc":{"start":{"line":12,"column":2},"end":{"line":12,"column":33}},"type":"if","locations":[{"start":{"line":12,"column":2},"end":{"line":12,"column":33}},{"start":{},"end":{}}],"line":12},"8":{"loc":{"start":{"line":13,"column":2},"end":{"line":13,"column":33}},"type":"if","locations":[{"start":{"line":13,"column":2},"end":{"line":13,"column":33}},{"start":{},"end":{}}],"line":13},"9":{"loc":{"start":{"line":14,"column":2},"end":{"line":14,"column":32}},"type":"if","locations":[{"start":{"line":14,"column":2},"end":{"line":14,"column":32}},{"start":{},"end":{}}],"line":14},"10":{"loc":{"start":{"line":19,"column":2},"end":{"line":42,"column":3}},"type":"switch","locations":[{"start":{"line":20,"column":4},"end":{"line":21,"column":17}},{"start":{"line":22,"column":4},"end":{"line":23,"column":17}},{"start":{"line":24,"column":4},"end":{"line":25,"column":17}},{"start":{"line":26,"column":4},"end":{"line":27,"column":17}},{"start":{"line":28,"column":4},"end":{"line":29,"column":17}},{"start":{"line":30,"column":4},"end":{"line":31,"column":17}},{"start":{"line":32,"column":4},"end":{"line":33,"column":17}},{"start":{"line":34,"column":4},"end":{"line":35,"column":17}},{"start":{"line":36,"column":4},"end":{"line":37,"column":17}},{"start":{"line":38,"column":4},"end":{"line":39,"column":17}},{"start":{"line":40,"column":4},"end":{"line":41,"column":17}}],"line":19},"11":{"loc":{"start":{"line":49,"column":4},"end":{"line":49,"column":24}},"type":"if","locations":[{"start":{"line":49,"column":4},"end":{"line":49,"column":24}},{"start":{},"end":{}}],"line":49},"12":{"loc":{"start":{"line":50,"column":18},"end":{"line":50,"column":58}},"type":"cond-expr","locations":[{"start":{"line":50,"column":31},"end":{"line":50,"column":54}},{"start":{"line":50,"column":57},"end":{"line":50,"column":58}}],"line":50},"13":{"loc":{"start":{"line":63,"column":32},"end":{"line":63,"column":46}},"type":"binary-expr","locations":[{"start":{"line":63,"column":32},"end":{"line":63,"column":41}},{"start":{"line":63,"column":45},"end":{"line":63,"column":46}}],"line":63},"14":{"loc":{"start":{"line":64,"column":20},"end":{"line":64,"column":34}},"type":"binary-expr","locations":[{"start":{"line":64,"column":20},"end":{"line":64,"column":29}},{"start":{"line":64,"column":33},"end":{"line":64,"column":34}}],"line":64},"15":{"loc":{"start":{"line":66,"column":9},"end":{"line":66,"column":82}},"type":"cond-expr","locations":[{"start":{"line":66,"column":24},"end":{"line":66,"column":78}},{"start":{"line":66,"column":81},"end":{"line":66,"column":82}}],"line":66}},"s":{"0":14,"1":2,"2":12,"3":1,"4":11,"5":2,"6":9,"7":1,"8":8,"9":1,"10":7,"11":1,"12":6,"13":2,"14":4,"15":1,"16":3,"17":1,"18":2,"19":1,"20":1,"21":14,"22":2,"23":1,"24":2,"25":1,"26":1,"27":1,"28":2,"29":1,"30":1,"31":1,"32":1,"33":0,"34":0,"35":0,"36":0,"37":0,"38":0,"39":0,"40":0,"41":1,"42":1,"43":1,"44":3,"45":3,"46":3,"47":3,"48":1,"49":4},"f":{"0":14,"1":14,"2":0,"3":1},"b":{"0":[2,12],"1":[1,11],"2":[2,9],"3":[1,8],"4":[1,7],"5":[1,6],"6":[2,4],"7":[1,3],"8":[1,2],"9":[1,1],"10":[2,1,2,1,1,1,2,1,1,1,1],"11":[0,0],"12":[0,0],"13":[3,0],"14":[3,0],"15":[1,0]},"_coverageSchema":"1a1c01bbd47fc00a2c39e90264f33305004495a9","hash":"07fe9f36d4a411671034a2717c70a0709defe178"}
}
